Determining if the pthread_create exist failed with the following output:
Change Dir: /home/pi/catkin_ws/build/CMakeFiles/CMakeTmp

Run Build Command:"/usr/bin/make" "cmTryCompileExec162800644/fast"
/usr/bin/make -f CMakeFiles/cmTryCompileExec162800644.dir/build.make CMakeFiles/cmTryCompileExec162800644.dir/build
make[1]: Entering directory '/home/pi/catkin_ws/build/CMakeFiles/CMakeTmp'
/usr/bin/cmake -E cmake_progress_report /home/pi/catkin_ws/build/CMakeFiles/CMakeTmp/CMakeFiles 1
Building C object CMakeFiles/cmTryCompileExec162800644.dir/CheckSymbolExists.c.o
/usr/bin/cc    -o CMakeFiles/cmTryCompileExec162800644.dir/CheckSymbolExists.c.o   -c /home/pi/catkin_ws/build/CMakeFiles/CMakeTmp/CheckSymbolExists.c
Linking C executable cmTryCompileExec162800644
/usr/bin/cmake -E cmake_link_script CMakeFiles/cmTryCompileExec162800644.dir/link.txt --verbose=1
/usr/bin/cc       CMakeFiles/cmTryCompileExec162800644.dir/CheckSymbolExists.c.o  -o cmTryCompileExec162800644 -rdynamic 
CMakeFiles/cmTryCompileExec162800644.dir/CheckSymbolExists.c.o: In function `main':
CheckSymbolExists.c:(.text+0x38): undefined reference to `pthread_create'
collect2: error: ld returned 1 exit status
CMakeFiles/cmTryCompileExec162800644.dir/build.make:88: recipe for target 'cmTryCompileExec162800644' failed
make[1]: Leaving directory '/home/pi/catkin_ws/build/CMakeFiles/CMakeTmp'
make[1]: *** [cmTryCompileExec162800644] Error 1
Makefile:118: recipe for target 'cmTryCompileExec162800644/fast' failed
make: *** [cmTryCompileExec162800644/fast] Error 2

File /home/pi/catkin_ws/build/CMakeFiles/CMakeTmp/CheckSymbolExists.c:
/* */
#include <pthread.h>

int main(int argc, char** argv)
{
  (void)argv;
#ifndef pthread_create
  return ((int*)(&pthread_create))[argc];
#else
  (void)argc;
  return 0;
#endif
}

Determining if the function pthread_create exists in the pthreads failed with the following output:
Change Dir: /home/pi/catkin_ws/build/CMakeFiles/CMakeTmp

Run Build Command:"/usr/bin/make" "cmTryCompileExec171844030/fast"
/usr/bin/make -f CMakeFiles/cmTryCompileExec171844030.dir/build.make CMakeFiles/cmTryCompileExec171844030.dir/build
make[1]: Entering directory '/home/pi/catkin_ws/build/CMakeFiles/CMakeTmp'
/usr/bin/cmake -E cmake_progress_report /home/pi/catkin_ws/build/CMakeFiles/CMakeTmp/CMakeFiles 1
Building C object CMakeFiles/cmTryCompileExec171844030.dir/CheckFunctionExists.c.o
/usr/bin/cc   -DCHECK_FUNCTION_EXISTS=pthread_create   -o CMakeFiles/cmTryCompileExec171844030.dir/CheckFunctionExists.c.o   -c /usr/share/cmake-3.0/Modules/CheckFunctionExists.c
Linking C executable cmTryCompileExec171844030
/usr/bin/cmake -E cmake_link_script CMakeFiles/cmTryCompileExec171844030.dir/link.txt --verbose=1
/usr/bin/cc   -DCHECK_FUNCTION_EXISTS=pthread_create    CMakeFiles/cmTryCompileExec171844030.dir/CheckFunctionExists.c.o  -o cmTryCompileExec171844030 -rdynamic -lpthreads 
/usr/bin/ld: cannot find -lpthreads
collect2: error: ld returned 1 exit status
CMakeFiles/cmTryCompileExec171844030.dir/build.make:88: recipe for target 'cmTryCompileExec171844030' failed
make[1]: Leaving directory '/home/pi/catkin_ws/build/CMakeFiles/CMakeTmp'
make[1]: *** [cmTryCompileExec171844030] Error 1
Makefile:118: recipe for target 'cmTryCompileExec171844030/fast' failed
make: *** [cmTryCompileExec171844030/fast] Error 2


